<?xml version="1.0" encoding="UTF-8"?>
<testng-results skipped="0" failed="0" ignored="0" total="1" passed="1">
  <reporter-output>
  </reporter-output>
  <suite name="TestVagrant_Assignment" duration-ms="32" started-at="2019-12-21T17:40:26Z" finished-at="2019-12-21T17:40:26Z">
    <groups>
    </groups>
    <test name="TestAssignment" duration-ms="32" started-at="2019-12-21T17:40:26Z" finished-at="2019-12-21T17:40:26Z">
      <class name="com.test.TestClass">
        <test-method status="PASS" signature="setup()[pri:0, instance:com.test.TestClass@49e4cb85]" name="setup" is-config="true" duration-ms="8" started-at="2019-12-21T23:10:26Z" finished-at="2019-12-21T23:10:26Z">
          <reporter-output>
          </reporter-output>
        </test-method> <!-- setup -->
        <test-method status="PASS" signature="Test()[pri:0, instance:com.test.TestClass@49e4cb85]" name="Test" duration-ms="8" started-at="2019-12-21T23:10:26Z" finished-at="2019-12-21T23:10:26Z">
          <reporter-output>
          </reporter-output>
        </test-method> <!-- Test -->
      </class> <!-- com.test.TestClass -->
    </test> <!-- TestAssignment -->
  </suite> <!-- TestVagrant_Assignment -->
</testng-results>
