<?xml version="1.0" encoding="UTF-8"?>
<testng-results skipped="0" failed="0" ignored="0" total="1" passed="1">
  <reporter-output>
  </reporter-output>
  <suite name="Default suite" duration-ms="33" started-at="2019-12-21T16:22:31Z" finished-at="2019-12-21T16:22:31Z">
    <groups>
    </groups>
    <test name="Default test" duration-ms="33" started-at="2019-12-21T16:22:31Z" finished-at="2019-12-21T16:22:31Z">
      <class name="com.test.TestClass">
        <test-method status="PASS" signature="setup()[pri:0, instance:com.test.TestClass@548a9f61]" name="setup" is-config="true" duration-ms="12" started-at="2019-12-21T16:22:31Z" finished-at="2019-12-21T16:22:31Z">
          <reporter-output>
          </reporter-output>
        </test-method> <!-- setup -->
        <test-method status="PASS" signature="Test()[pri:0, instance:com.test.TestClass@548a9f61]" name="Test" duration-ms="14" started-at="2019-12-21T16:22:31Z" finished-at="2019-12-21T16:22:31Z">
          <reporter-output>
          </reporter-output>
        </test-method> <!-- Test -->
      </class> <!-- com.test.TestClass -->
    </test> <!-- Default test -->
  </suite> <!-- Default suite -->
</testng-results>
